Added Component: Designator=C4(6-0805_L)
Added Component: Designator=C5(6-0805_L)
Added Pin To Net: NetName=GND Pin=C5-1
Added Pin To Net: NetName=GND Pin=U2-9
Added Pin To Net: NetName=VCC Pin=U2-13
Added Pin To Net: NetName=GND Pin=U2-18
Added Pin To Net: NetName=GND Pin=U3-1
Added Pin To Net: NetName=VCC Pin=U3-2
Added Pin To Net: NetName=GND Pin=U3-5
Added Pin To Net: NetName=VCC Pin=U3-6
Added Pin To Net: NetName=GND Pin=U3-7
Added Pin To Net: NetName=VCC Pin=U3-8
Added Pin To Net: NetName=NetC5_2 Pin=C5-2
Added Pin To Net: NetName=NetC5_2 Pin=U2-20
Added Net: Name=NetC5_2
Added Pin To Net: NetName=SCL Pin=IC1-7
Added Pin To Net: NetName=SCL Pin=U3-4
Added Net: Name=SCL
Added Pin To Net: NetName=SDA Pin=IC1-6
Added Pin To Net: NetName=SDA Pin=U3-3
Added Net: Name=SDA
Added Member To Class: ClassName=Esquematico Member=Component C4 Cap
Added Member To Class: ClassName=Esquematico Member=Component C5 Cap
